android/app/build/intermediates/manifest_merge_blame_file/debug/manifest-merger-blame-debug-report.txt
1<?xml version="1.0" encoding="utf-8"?>
2<manifest xmlns:android="http://schemas.android.com/apk/res/android"
3    package="com.shubhornaments"
4    android:versionCode="1"
5    android:versionName="1.0" >
6
7    <uses-sdk
8        android:minSdkVersion="16"
9        android:targetSdkVersion="29" />
10
11    <uses-permission android:name="android.permission.SYSTEM_ALERT_WINDOW" />
11-->src/debug/AndroidManifest.xml:5:5-77
11-->src/debug/AndroidManifest.xml:5:22-75
12    <uses-permission android:name="android.permission.INTERNET" />
12-->src/main/AndroidManifest.xml:4:5-67
12-->src/main/AndroidManifest.xml:4:22-64
13    <uses-permission android:name="android.permission.ACCESS_WIFI_STATE" />
13-->[com.facebook.flipper:flipper:0.54.0] AndroidManifest.xml:16:5-76
13-->[com.facebook.flipper:flipper:0.54.0] AndroidManifest.xml:16:22-73
14    <uses-permission android:name="android.permission.WAKE_LOCK" />
14-->[:react-native-firebase_messaging] AndroidManifest.xml:12:5-68
14-->[:react-native-firebase_messaging] AndroidManifest.xml:12:22-65
15    <uses-permission android:name="android.permission.ACCESS_NETWORK_STATE" />
15-->[:react-native-firebase_messaging] AndroidManifest.xml:13:5-79
15-->[:react-native-firebase_messaging] AndroidManifest.xml:13:22-76
16    <uses-permission android:name="android.permission.WRITE_EXTERNAL_STORAGE" /> <!-- Required by older versions of Google Play services to create IID tokens -->
16-->[:react-native-image-crop-picker] AndroidManifest.xml:10:5-81
16-->[:react-native-image-crop-picker] AndroidManifest.xml:10:22-78
17    <uses-permission android:name="com.google.android.c2dm.permission.RECEIVE" />
17-->[com.google.firebase:firebase-iid:21.0.1] AndroidManifest.xml:26:5-82
17-->[com.google.firebase:firebase-iid:21.0.1] AndroidManifest.xml:26:22-79
18    <uses-permission android:name="com.google.android.finsky.permission.BIND_GET_INSTALL_REFERRER_SERVICE" /> <!-- for android -->
18-->[com.google.android.gms:play-services-measurement:17.6.0] AndroidManifest.xml:26:5-110
18-->[com.google.android.gms:play-services-measurement:17.6.0] AndroidManifest.xml:26:22-107
19    <!-- <uses-permission android:name="com.android.launcher.permission.READ_SETTINGS"/> -->
20    <!-- <uses-permission android:name="com.android.launcher.permission.WRITE_SETTINGS"/> -->
21    <!-- <uses-permission android:name="com.android.launcher.permission.INSTALL_SHORTCUT" /> -->
22    <!-- <uses-permission android:name="com.android.launcher.permission.UNINSTALL_SHORTCUT" /> -->
23    <!-- for Samsung -->
24    <uses-permission android:name="com.sec.android.provider.badge.permission.READ" />
24-->[me.leolin:ShortcutBadger:1.1.22] AndroidManifest.xml:19:5-86
24-->[me.leolin:ShortcutBadger:1.1.22] AndroidManifest.xml:19:22-83
25    <uses-permission android:name="com.sec.android.provider.badge.permission.WRITE" /> <!-- for htc -->
25-->[me.leolin:ShortcutBadger:1.1.22] AndroidManifest.xml:20:5-87
25-->[me.leolin:ShortcutBadger:1.1.22] AndroidManifest.xml:20:22-84
26    <uses-permission android:name="com.htc.launcher.permission.READ_SETTINGS" />
26-->[me.leolin:ShortcutBadger:1.1.22] AndroidManifest.xml:23:5-81
26-->[me.leolin:ShortcutBadger:1.1.22] AndroidManifest.xml:23:22-78
27    <uses-permission android:name="com.htc.launcher.permission.UPDATE_SHORTCUT" /> <!-- for sony -->
27-->[me.leolin:ShortcutBadger:1.1.22] AndroidManifest.xml:24:5-83
27-->[me.leolin:ShortcutBadger:1.1.22] AndroidManifest.xml:24:22-80
28    <uses-permission android:name="com.sonyericsson.home.permission.BROADCAST_BADGE" />
28-->[me.leolin:ShortcutBadger:1.1.22] AndroidManifest.xml:27:5-88
28-->[me.leolin:ShortcutBadger:1.1.22] AndroidManifest.xml:27:22-85
29    <uses-permission android:name="com.sonymobile.home.permission.PROVIDER_INSERT_BADGE" /> <!-- for apex -->
29-->[me.leolin:ShortcutBadger:1.1.22] AndroidManifest.xml:28:5-92
29-->[me.leolin:ShortcutBadger:1.1.22] AndroidManifest.xml:28:22-89
30    <uses-permission android:name="com.anddoes.launcher.permission.UPDATE_COUNT" /> <!-- for solid -->
30-->[me.leolin:ShortcutBadger:1.1.22] AndroidManifest.xml:31:5-84
30-->[me.leolin:ShortcutBadger:1.1.22] AndroidManifest.xml:31:22-81
31    <uses-permission android:name="com.majeur.launcher.permission.UPDATE_BADGE" /> <!-- for huawei -->
31-->[me.leolin:ShortcutBadger:1.1.22] AndroidManifest.xml:34:5-83
31-->[me.leolin:ShortcutBadger:1.1.22] AndroidManifest.xml:34:22-80
32    <uses-permission android:name="com.huawei.android.launcher.permission.CHANGE_BADGE" />
32-->[me.leolin:ShortcutBadger:1.1.22] AndroidManifest.xml:37:5-91
32-->[me.leolin:ShortcutBadger:1.1.22] AndroidManifest.xml:37:22-88
33    <uses-permission android:name="com.huawei.android.launcher.permission.READ_SETTINGS" />
33-->[me.leolin:ShortcutBadger:1.1.22] AndroidManifest.xml:38:5-92
33-->[me.leolin:ShortcutBadger:1.1.22] AndroidManifest.xml:38:22-89
34    <uses-permission android:name="com.huawei.android.launcher.permission.WRITE_SETTINGS" /> <!-- for ZUK -->
34-->[me.leolin:ShortcutBadger:1.1.22] AndroidManifest.xml:39:5-93
34-->[me.leolin:ShortcutBadger:1.1.22] AndroidManifest.xml:39:22-90
35    <uses-permission android:name="android.permission.READ_APP_BADGE" /> <!-- for OPPO -->
35-->[me.leolin:ShortcutBadger:1.1.22] AndroidManifest.xml:42:5-73
35-->[me.leolin:ShortcutBadger:1.1.22] AndroidManifest.xml:42:22-70
36    <uses-permission android:name="com.oppo.launcher.permission.READ_SETTINGS" />
36-->[me.leolin:ShortcutBadger:1.1.22] AndroidManifest.xml:45:5-82
36-->[me.leolin:ShortcutBadger:1.1.22] AndroidManifest.xml:45:22-79
37    <uses-permission android:name="com.oppo.launcher.permission.WRITE_SETTINGS" /> <!-- for EvMe -->
37-->[me.leolin:ShortcutBadger:1.1.22] AndroidManifest.xml:46:5-83
37-->[me.leolin:ShortcutBadger:1.1.22] AndroidManifest.xml:46:22-80
38    <uses-permission android:name="me.everything.badger.permission.BADGE_COUNT_READ" />
38-->[me.leolin:ShortcutBadger:1.1.22] AndroidManifest.xml:49:5-88
38-->[me.leolin:ShortcutBadger:1.1.22] AndroidManifest.xml:49:22-85
39    <uses-permission android:name="me.everything.badger.permission.BADGE_COUNT_WRITE" />
39-->[me.leolin:ShortcutBadger:1.1.22] AndroidManifest.xml:50:5-89
39-->[me.leolin:ShortcutBadger:1.1.22] AndroidManifest.xml:50:22-86
40
41    <application
41-->src/main/AndroidManifest.xml:6:5-26:19
42        android:name="com.shubhornaments.MainApplication"
42-->src/main/AndroidManifest.xml:7:7-38
43        android:allowBackup="false"
43-->src/main/AndroidManifest.xml:10:7-34
44        android:appComponentFactory="androidx.core.app.CoreComponentFactory"
44-->[androidx.core:core:1.1.0] AndroidManifest.xml:24:18-86
45        android:debuggable="true"
46        android:icon="@mipmap/ic_launcher"
46-->src/main/AndroidManifest.xml:9:7-41
47        android:label="@string/app_name"
47-->src/main/AndroidManifest.xml:8:7-39
48        android:testOnly="true"
49        android:theme="@style/AppTheme"
49-->src/main/AndroidManifest.xml:11:7-38
50        android:usesCleartextTraffic="true" >
50-->src/main/AndroidManifest.xml:12:7-42
51        <activity
51-->src/main/AndroidManifest.xml:14:7-24:18
52            android:name="com.shubhornaments.MainActivity"
52-->src/main/AndroidManifest.xml:15:9-37
53            android:configChanges="keyboard|keyboardHidden|orientation|screenSize|uiMode"
53-->src/main/AndroidManifest.xml:17:9-86
54            android:label="@string/app_name"
54-->src/main/AndroidManifest.xml:16:9-41
55            android:launchMode="singleTask"
55-->src/main/AndroidManifest.xml:18:9-40
56            android:windowSoftInputMode="adjustResize" >
56-->src/main/AndroidManifest.xml:19:9-51
57            <intent-filter>
57-->src/main/AndroidManifest.xml:20:9-23:25
58                <action android:name="android.intent.action.MAIN" />
58-->src/main/AndroidManifest.xml:21:13-65
58-->src/main/AndroidManifest.xml:21:21-62
59
60                <category android:name="android.intent.category.LAUNCHER" />
60-->src/main/AndroidManifest.xml:22:13-73
60-->src/main/AndroidManifest.xml:22:23-70
61            </intent-filter>
62        </activity>
63        <activity android:name="com.facebook.react.devsupport.DevSettingsActivity" />
63-->src/main/AndroidManifest.xml:25:7-84
63-->src/main/AndroidManifest.xml:25:17-81
64
65        <service android:name="io.invertase.firebase.messaging.ReactNativeFirebaseMessagingHeadlessService" />
65-->[:react-native-firebase_messaging] AndroidManifest.xml:16:9-111
65-->[:react-native-firebase_messaging] AndroidManifest.xml:16:18-108
66        <service
66-->[:react-native-firebase_messaging] AndroidManifest.xml:17:9-23:19
67            android:name="io.invertase.firebase.messaging.ReactNativeFirebaseMessagingService"
67-->[:react-native-firebase_messaging] AndroidManifest.xml:18:13-95
68            android:exported="false" >
68-->[:react-native-firebase_messaging] AndroidManifest.xml:19:13-37
69            <intent-filter>
69-->[:react-native-firebase_messaging] AndroidManifest.xml:20:13-22:29
70                <action android:name="com.google.firebase.MESSAGING_EVENT" />
70-->[:react-native-firebase_messaging] AndroidManifest.xml:21:17-78
70-->[:react-native-firebase_messaging] AndroidManifest.xml:21:25-75
71            </intent-filter>
72        </service>
73
74        <receiver
74-->[:react-native-firebase_messaging] AndroidManifest.xml:25:9-32:20
75            android:name="io.invertase.firebase.messaging.ReactNativeFirebaseMessagingReceiver"
75-->[:react-native-firebase_messaging] AndroidManifest.xml:26:13-96
76            android:exported="true"
76-->[:react-native-firebase_messaging] AndroidManifest.xml:27:13-36
77            android:permission="com.google.android.c2dm.permission.SEND" >
77-->[:react-native-firebase_messaging] AndroidManifest.xml:28:13-73
78            <intent-filter>
78-->[:react-native-firebase_messaging] AndroidManifest.xml:29:13-31:29
79                <action android:name="com.google.android.c2dm.intent.RECEIVE" />
79-->[:react-native-firebase_messaging] AndroidManifest.xml:30:17-81
79-->[:react-native-firebase_messaging] AndroidManifest.xml:30:25-78
80            </intent-filter>
81        </receiver>
82
83        <meta-data
83-->[:react-native-firebase_messaging] AndroidManifest.xml:34:9-36:36
84            android:name="firebase_messaging_auto_init_enabled"
84-->[:react-native-firebase_messaging] AndroidManifest.xml:35:13-64
85            android:value="true" />
85-->[:react-native-firebase_messaging] AndroidManifest.xml:36:13-33
86        <meta-data
86-->[:react-native-firebase_messaging] AndroidManifest.xml:37:9-39:32
87            android:name="com.google.firebase.messaging.default_notification_channel_id"
87-->[:react-native-firebase_messaging] AndroidManifest.xml:38:13-89
88            android:value="" />
88-->[:react-native-firebase_messaging] AndroidManifest.xml:39:13-29
89        <meta-data
89-->[:react-native-firebase_messaging] AndroidManifest.xml:40:9-42:47
90            android:name="com.google.firebase.messaging.default_notification_color"
90-->[:react-native-firebase_messaging] AndroidManifest.xml:41:13-84
91            android:resource="@color/white" />
91-->[:react-native-firebase_messaging] AndroidManifest.xml:42:13-44
92
93        <provider
93-->[:react-native-image-crop-picker] AndroidManifest.xml:13:9-21:20
94            android:name="androidx.core.content.FileProvider"
94-->[:react-native-image-crop-picker] AndroidManifest.xml:14:13-62
95            android:authorities="com.shubhornaments.provider"
95-->[:react-native-image-crop-picker] AndroidManifest.xml:15:13-60
96            android:exported="false"
96-->[:react-native-image-crop-picker] AndroidManifest.xml:16:13-37
97            android:grantUriPermissions="true" >
97-->[:react-native-image-crop-picker] AndroidManifest.xml:17:13-47
98            <meta-data
98-->[:react-native-image-crop-picker] AndroidManifest.xml:18:13-20:58
99                android:name="android.support.FILE_PROVIDER_PATHS"
99-->[:react-native-image-crop-picker] AndroidManifest.xml:19:17-67
100                android:resource="@xml/provider_paths" />
100-->[:react-native-image-crop-picker] AndroidManifest.xml:20:17-55
101        </provider>
102
103        <activity
103-->[:react-native-image-crop-picker] AndroidManifest.xml:23:9-25:72
104            android:name="com.yalantis.ucrop.UCropActivity"
104-->[:react-native-image-crop-picker] AndroidManifest.xml:24:13-60
105            android:theme="@style/Theme.AppCompat.Light.NoActionBar" />
105-->[:react-native-image-crop-picker] AndroidManifest.xml:25:13-69
106
107        <provider
107-->[:react-native-share] AndroidManifest.xml:12:9-20:20
108            android:name="cl.json.RNShareFileProvider"
108-->[:react-native-share] AndroidManifest.xml:13:13-55
109            android:authorities="com.shubhornaments.rnshare.fileprovider"
109-->[:react-native-share] AndroidManifest.xml:14:13-72
110            android:exported="false"
110-->[:react-native-share] AndroidManifest.xml:15:13-37
111            android:grantUriPermissions="true" >
111-->[:react-native-share] AndroidManifest.xml:16:13-47
112            <meta-data
112-->[:react-native-image-crop-picker] AndroidManifest.xml:18:13-20:58
113                android:name="android.support.FILE_PROVIDER_PATHS"
113-->[:react-native-image-crop-picker] AndroidManifest.xml:19:17-67
114                android:resource="@xml/share_download_paths" />
114-->[:react-native-image-crop-picker] AndroidManifest.xml:20:17-55
115        </provider>
116        <provider
116-->[:react-native-webview] AndroidManifest.xml:12:9-20:20
117            android:name="com.reactnativecommunity.webview.RNCWebViewFileProvider"
117-->[:react-native-webview] AndroidManifest.xml:13:13-83
118            android:authorities="com.shubhornaments.fileprovider"
118-->[:react-native-webview] AndroidManifest.xml:14:13-64
119            android:exported="false"
119-->[:react-native-webview] AndroidManifest.xml:15:13-37
120            android:grantUriPermissions="true" >
120-->[:react-native-webview] AndroidManifest.xml:16:13-47
121            <meta-data
121-->[:react-native-image-crop-picker] AndroidManifest.xml:18:13-20:58
122                android:name="android.support.FILE_PROVIDER_PATHS"
122-->[:react-native-image-crop-picker] AndroidManifest.xml:19:17-67
123                android:resource="@xml/file_provider_paths" />
123-->[:react-native-image-crop-picker] AndroidManifest.xml:20:17-55
124        </provider>
125        <!--
126             FirebaseMessagingService performs security checks at runtime,
127             but set to not exported to explicitly avoid allowing another app to call it.
128        -->
129        <service
129-->[com.google.firebase:firebase-messaging:21.0.1] AndroidManifest.xml:28:9-35:19
130            android:name="com.google.firebase.messaging.FirebaseMessagingService"
130-->[com.google.firebase:firebase-messaging:21.0.1] AndroidManifest.xml:29:13-82
131            android:directBootAware="true"
131-->[com.google.firebase:firebase-messaging:21.0.1] AndroidManifest.xml:30:13-43
132            android:exported="false" >
132-->[com.google.firebase:firebase-messaging:21.0.1] AndroidManifest.xml:31:13-37
133            <intent-filter android:priority="-500" >
133-->[:react-native-firebase_messaging] AndroidManifest.xml:20:13-22:29
134                <action android:name="com.google.firebase.MESSAGING_EVENT" />
134-->[:react-native-firebase_messaging] AndroidManifest.xml:21:17-78
134-->[:react-native-firebase_messaging] AndroidManifest.xml:21:25-75
135            </intent-filter>
136        </service>
137        <service
137-->[com.google.firebase:firebase-messaging:21.0.1] AndroidManifest.xml:36:9-42:19
138            android:name="com.google.firebase.components.ComponentDiscoveryService"
138-->[com.google.firebase:firebase-messaging:21.0.1] AndroidManifest.xml:37:13-84
139            android:directBootAware="true"
139-->[com.google.firebase:firebase-common:19.5.0] AndroidManifest.xml:35:13-43
140            android:exported="false" >
140-->[com.google.firebase:firebase-messaging:21.0.1] AndroidManifest.xml:38:13-37
141            <meta-data
141-->[com.google.firebase:firebase-messaging:21.0.1] AndroidManifest.xml:39:13-41:85
142                android:name="com.google.firebase.components:com.google.firebase.messaging.FirebaseMessagingRegistrar"
142-->[com.google.firebase:firebase-messaging:21.0.1] AndroidManifest.xml:40:17-119
143                android:value="com.google.firebase.components.ComponentRegistrar" />
143-->[com.google.firebase:firebase-messaging:21.0.1] AndroidManifest.xml:41:17-82
144            <meta-data
144-->[com.google.firebase:firebase-datatransport:17.0.10] AndroidManifest.xml:28:13-30:85
145                android:name="com.google.firebase.components:com.google.firebase.datatransport.TransportRegistrar"
145-->[com.google.firebase:firebase-datatransport:17.0.10] AndroidManifest.xml:29:17-115
146                android:value="com.google.firebase.components.ComponentRegistrar" />
146-->[com.google.firebase:firebase-datatransport:17.0.10] AndroidManifest.xml:30:17-82
147            <meta-data
147-->[com.google.firebase:firebase-iid:21.0.1] AndroidManifest.xml:32:13-34:85
148                android:name="com.google.firebase.components:com.google.firebase.iid.Registrar"
148-->[com.google.firebase:firebase-iid:21.0.1] AndroidManifest.xml:33:17-96
149                android:value="com.google.firebase.components.ComponentRegistrar" />
149-->[com.google.firebase:firebase-iid:21.0.1] AndroidManifest.xml:34:17-82
150            <meta-data
150-->[com.google.android.gms:play-services-measurement-api:17.6.0] AndroidManifest.xml:30:13-32:85
151                android:name="com.google.firebase.components:com.google.firebase.analytics.connector.internal.AnalyticsConnectorRegistrar"
151-->[com.google.android.gms:play-services-measurement-api:17.6.0] AndroidManifest.xml:31:17-139
152                android:value="com.google.firebase.components.ComponentRegistrar" />
152-->[com.google.android.gms:play-services-measurement-api:17.6.0] AndroidManifest.xml:32:17-82
153            <meta-data
153-->[com.google.firebase:firebase-installations:16.3.5] AndroidManifest.xml:18:13-20:85
154                android:name="com.google.firebase.components:com.google.firebase.installations.FirebaseInstallationsRegistrar"
154-->[com.google.firebase:firebase-installations:16.3.5] AndroidManifest.xml:19:17-127
155                android:value="com.google.firebase.components.ComponentRegistrar" />
155-->[com.google.firebase:firebase-installations:16.3.5] AndroidManifest.xml:20:17-82
156            <!--
157                This registrar is not defined in the dynamic-module-support sdk itself to allow non-firebase
158                clients to use it as well, by defining this registrar in their own core/common library.
159            -->
160            <meta-data
160-->[com.google.firebase:firebase-common:19.5.0] AndroidManifest.xml:43:13-45:85
161                android:name="com.google.firebase.components:com.google.firebase.dynamicloading.DynamicLoadingRegistrar"
161-->[com.google.firebase:firebase-common:19.5.0] AndroidManifest.xml:44:17-121
162                android:value="com.google.firebase.components.ComponentRegistrar" />
162-->[com.google.firebase:firebase-common:19.5.0] AndroidManifest.xml:45:17-82
163        </service>
164        <service
164-->[com.google.android.datatransport:transport-backend-cct:2.3.3] AndroidManifest.xml:29:9-35:19
165            android:name="com.google.android.datatransport.runtime.backends.TransportBackendDiscovery"
165-->[com.google.android.datatransport:transport-backend-cct:2.3.3] AndroidManifest.xml:30:13-103
166            android:exported="false" >
166-->[com.google.android.datatransport:transport-backend-cct:2.3.3] AndroidManifest.xml:31:13-37
167            <meta-data
167-->[com.google.android.datatransport:transport-backend-cct:2.3.3] AndroidManifest.xml:32:13-34:39
168                android:name="backend:com.google.android.datatransport.cct.CctBackendFactory"
168-->[com.google.android.datatransport:transport-backend-cct:2.3.3] AndroidManifest.xml:33:17-94
169                android:value="cct" />
169-->[com.google.android.datatransport:transport-backend-cct:2.3.3] AndroidManifest.xml:34:17-36
170        </service>
171        <service
171-->[com.google.android.datatransport:transport-runtime:2.2.5] AndroidManifest.xml:26:9-30:19
172            android:name="com.google.android.datatransport.runtime.scheduling.jobscheduling.JobInfoSchedulerService"
172-->[com.google.android.datatransport:transport-runtime:2.2.5] AndroidManifest.xml:27:13-117
173            android:exported="false"
173-->[com.google.android.datatransport:transport-runtime:2.2.5] AndroidManifest.xml:28:13-37
174            android:permission="android.permission.BIND_JOB_SERVICE" >
174-->[com.google.android.datatransport:transport-runtime:2.2.5] AndroidManifest.xml:29:13-69
175        </service>
176
177        <receiver
177-->[com.google.android.datatransport:transport-runtime:2.2.5] AndroidManifest.xml:32:9-34:40
178            android:name="com.google.android.datatransport.runtime.scheduling.jobscheduling.AlarmManagerSchedulerBroadcastReceiver"
178-->[com.google.android.datatransport:transport-runtime:2.2.5] AndroidManifest.xml:33:13-132
179            android:exported="false" />
179-->[com.google.android.datatransport:transport-runtime:2.2.5] AndroidManifest.xml:34:13-37
180
181        <meta-data
181-->[com.github.bumptech.glide:okhttp3-integration:4.11.0] AndroidManifest.xml:11:9-13:43
182            android:name="com.bumptech.glide.integration.okhttp3.OkHttpGlideModule"
182-->[com.github.bumptech.glide:okhttp3-integration:4.11.0] AndroidManifest.xml:12:13-84
183            android:value="GlideModule" />
183-->[com.github.bumptech.glide:okhttp3-integration:4.11.0] AndroidManifest.xml:13:13-40
184
185        <activity
185-->[com.google.android.gms:play-services-auth:18.1.0] AndroidManifest.xml:23:9-27:75
186            android:name="com.google.android.gms.auth.api.signin.internal.SignInHubActivity"
186-->[com.google.android.gms:play-services-auth:18.1.0] AndroidManifest.xml:24:13-93
187            android:excludeFromRecents="true"
187-->[com.google.android.gms:play-services-auth:18.1.0] AndroidManifest.xml:25:13-46
188            android:exported="false"
188-->[com.google.android.gms:play-services-auth:18.1.0] AndroidManifest.xml:26:13-37
189            android:theme="@android:style/Theme.Translucent.NoTitleBar" />
189-->[com.google.android.gms:play-services-auth:18.1.0] AndroidManifest.xml:27:13-72
190        <!--
191            Service handling Google Sign-In user revocation. For apps that do not integrate with
192            Google Sign-In, this service will never be started.
193        -->
194        <service
194-->[com.google.android.gms:play-services-auth:18.1.0] AndroidManifest.xml:33:9-37:51
195            android:name="com.google.android.gms.auth.api.signin.RevocationBoundService"
195-->[com.google.android.gms:play-services-auth:18.1.0] AndroidManifest.xml:34:13-89
196            android:exported="true"
196-->[com.google.android.gms:play-services-auth:18.1.0] AndroidManifest.xml:35:13-36
197            android:permission="com.google.android.gms.auth.api.signin.permission.REVOCATION_NOTIFICATION"
197-->[com.google.android.gms:play-services-auth:18.1.0] AndroidManifest.xml:36:13-107
198            android:visibleToInstantApps="true" />
198-->[com.google.android.gms:play-services-auth:18.1.0] AndroidManifest.xml:37:13-48
199
200        <receiver
200-->[com.google.firebase:firebase-iid:21.0.1] AndroidManifest.xml:37:9-44:20
201            android:name="com.google.firebase.iid.FirebaseInstanceIdReceiver"
201-->[com.google.firebase:firebase-iid:21.0.1] AndroidManifest.xml:38:13-78
202            android:exported="true"
202-->[com.google.firebase:firebase-iid:21.0.1] AndroidManifest.xml:39:13-36
203            android:permission="com.google.android.c2dm.permission.SEND" >
203-->[com.google.firebase:firebase-iid:21.0.1] AndroidManifest.xml:40:13-73
204            <intent-filter>
204-->[:react-native-firebase_messaging] AndroidManifest.xml:29:13-31:29
205                <action android:name="com.google.android.c2dm.intent.RECEIVE" />
205-->[:react-native-firebase_messaging] AndroidManifest.xml:30:17-81
205-->[:react-native-firebase_messaging] AndroidManifest.xml:30:25-78
206            </intent-filter>
207        </receiver>
208
209        <activity
209-->[com.google.android.gms:play-services-base:17.1.0] AndroidManifest.xml:23:9-26:75
210            android:name="com.google.android.gms.common.api.GoogleApiActivity"
210-->[com.google.android.gms:play-services-base:17.1.0] AndroidManifest.xml:24:13-79
211            android:exported="false"
211-->[com.google.android.gms:play-services-base:17.1.0] AndroidManifest.xml:25:13-37
212            android:theme="@android:style/Theme.Translucent.NoTitleBar" />
212-->[com.google.android.gms:play-services-base:17.1.0] AndroidManifest.xml:26:13-72
213
214        <provider
214-->[com.google.firebase:firebase-common:19.5.0] AndroidManifest.xml:26:9-31:39
215            android:name="com.google.firebase.provider.FirebaseInitProvider"
215-->[com.google.firebase:firebase-common:19.5.0] AndroidManifest.xml:27:13-77
216            android:authorities="com.shubhornaments.firebaseinitprovider"
216-->[com.google.firebase:firebase-common:19.5.0] AndroidManifest.xml:28:13-72
217            android:directBootAware="true"
217-->[com.google.firebase:firebase-common:19.5.0] AndroidManifest.xml:29:13-43
218            android:exported="false"
218-->[com.google.firebase:firebase-common:19.5.0] AndroidManifest.xml:30:13-37
219            android:initOrder="100" />
219-->[com.google.firebase:firebase-common:19.5.0] AndroidManifest.xml:31:13-36
220
221        <receiver
221-->[com.google.android.gms:play-services-measurement:17.6.0] AndroidManifest.xml:29:9-33:20
222            android:name="com.google.android.gms.measurement.AppMeasurementReceiver"
222-->[com.google.android.gms:play-services-measurement:17.6.0] AndroidManifest.xml:30:13-85
223            android:enabled="true"
223-->[com.google.android.gms:play-services-measurement:17.6.0] AndroidManifest.xml:31:13-35
224            android:exported="false" >
224-->[com.google.android.gms:play-services-measurement:17.6.0] AndroidManifest.xml:32:13-37
225        </receiver>
226
227        <service
227-->[com.google.android.gms:play-services-measurement:17.6.0] AndroidManifest.xml:35:9-38:40
228            android:name="com.google.android.gms.measurement.AppMeasurementService"
228-->[com.google.android.gms:play-services-measurement:17.6.0] AndroidManifest.xml:36:13-84
229            android:enabled="true"
229-->[com.google.android.gms:play-services-measurement:17.6.0] AndroidManifest.xml:37:13-35
230            android:exported="false" />
230-->[com.google.android.gms:play-services-measurement:17.6.0] AndroidManifest.xml:38:13-37
231        <service
231-->[com.google.android.gms:play-services-measurement:17.6.0] AndroidManifest.xml:39:9-43:72
232            android:name="com.google.android.gms.measurement.AppMeasurementJobService"
232-->[com.google.android.gms:play-services-measurement:17.6.0] AndroidManifest.xml:40:13-87
233            android:enabled="true"
233-->[com.google.android.gms:play-services-measurement:17.6.0] AndroidManifest.xml:41:13-35
234            android:exported="false"
234-->[com.google.android.gms:play-services-measurement:17.6.0] AndroidManifest.xml:42:13-37
235            android:permission="android.permission.BIND_JOB_SERVICE" />
235-->[com.google.android.gms:play-services-measurement:17.6.0] AndroidManifest.xml:43:13-69
236
237        <meta-data
237-->[com.google.android.gms:play-services-basement:17.1.1] AndroidManifest.xml:23:9-25:69
238            android:name="com.google.android.gms.version"
238-->[com.google.android.gms:play-services-basement:17.1.1] AndroidManifest.xml:24:13-58
239            android:value="@integer/google_play_services_version" />
239-->[com.google.android.gms:play-services-basement:17.1.1] AndroidManifest.xml:25:13-66
240    </application>
241
242</manifest>